\BOOKMARK [1][-]{section.1}{\376\377\000O\000v\000e\000r\000v\000i\000e\000w}{}% 1
\BOOKMARK [1][-]{section.2}{\376\377\000C\000l\000a\000s\000s\000\040\000D\000e\000s\000c\000r\000i\000p\000t\000i\000o\000n}{}% 2
\BOOKMARK [1][-]{section.3}{\376\377\000M\000e\000t\000h\000o\000d\000s}{}% 3
\BOOKMARK [2][-]{subsection.3.1}{\376\377\000\137\000\137\000i\000n\000i\000t\000\137\000\137}{section.3}% 4
\BOOKMARK [2][-]{subsection.3.2}{\376\377\000\137\000l\000o\000a\000d\000\137\000d\000a\000t\000a}{section.3}% 5
\BOOKMARK [2][-]{subsection.3.3}{\376\377\000s\000e\000t\000\137\000a\000u\000t\000o\000\137\000d\000i\000s\000p\000l\000a\000y}{section.3}% 6
\BOOKMARK [2][-]{subsection.3.4}{\376\377\000s\000e\000t\000\137\000s\000a\000v\000e\000\137\000p\000l\000o\000t}{section.3}% 7
\BOOKMARK [2][-]{subsection.3.5}{\376\377\000s\000e\000t\000\137\000a\000l\000p\000h\000a\000b\000e\000t\000a\000\137\000s\000c\000a\000l\000e}{section.3}% 8
\BOOKMARK [2][-]{subsection.3.6}{\376\377\000c\000a\000l\000c\000\137\000a\000l\000p\000h\000a}{section.3}% 9
\BOOKMARK [2][-]{subsection.3.7}{\376\377\000c\000a\000l\000c\000\137\000b\000e\000t\000a}{section.3}% 10
\BOOKMARK [2][-]{subsection.3.8}{\376\377\000s\000h\000o\000w}{section.3}% 11
\BOOKMARK [2][-]{subsection.3.9}{\376\377\000g\000e\000t\000\137\000d\000a\000t\000a}{section.3}% 12
\BOOKMARK [2][-]{subsection.3.10}{\376\377\000g\000e\000t\000\137\000a\000l\000p\000h\000a}{section.3}% 13
\BOOKMARK [2][-]{subsection.3.11}{\376\377\000g\000e\000t\000\137\000b\000e\000t\000a}{section.3}% 14
\BOOKMARK [2][-]{subsection.3.12}{\376\377\000o\000p\000e\000r\000a\000t\000e\000\137\000o\000n}{section.3}% 15
\BOOKMARK [2][-]{subsection.3.13}{\376\377\000c\000a\000l\000c\000\137\000d\000i\000s\000t\000r\000i\000b\000u\000t\000i\000o\000n}{section.3}% 16
\BOOKMARK [2][-]{subsection.3.14}{\376\377\000p\000l\000o\000t\000\137\000d\000i\000s\000t\000r\000i\000b\000u\000t\000i\000o\000n}{section.3}% 17
\BOOKMARK [2][-]{subsection.3.15}{\376\377\000p\000l\000o\000t\000\137\000a\000l\000p\000h\000a\000b\000e\000t\000a}{section.3}% 18
\BOOKMARK [2][-]{subsection.3.16}{\376\377\000s\000a\000v\000e\000\137\000d\000a\000t\000a}{section.3}% 19
\BOOKMARK [2][-]{subsection.3.17}{\376\377\000e\000x\000p\000o\000r\000t\000\137\000d\000a\000t\000a}{section.3}% 20
\BOOKMARK [1][-]{section.4}{\376\377\000U\000s\000a\000g\000e\000\040\000E\000x\000a\000m\000p\000l\000e\000s}{}% 21
\BOOKMARK [1][-]{section.5}{\376\377\000N\000o\000t\000e\000s}{}% 22
\BOOKMARK [1][-]{section*.8}{\376\377\000R\000e\000f\000e\000r\000e\000n\000c\000e\000s}{}% 23
